<?xml version="1.0" encoding="UTF-8"?>
<!-- Generated by org.testng.reporters.JUnitReportReporter -->
<testsuite hostname="sushants-MacBook-Air.local" name="com.mindtree.sdet.test.HomePageTest" tests="2" failures="0" timestamp="15 Feb 2020 23:41:35 GMT" time="21.948" errors="0">
  <testcase name="clickSignInTest" time="11.324" classname="com.mindtree.sdet.test.HomePageTest"/>
  <testcase name="homePageTitleTest" time="10.624" classname="com.mindtree.sdet.test.HomePageTest"/>
</testsuite> <!-- com.mindtree.sdet.test.HomePageTest -->
