<?xml version="1.0" encoding="UTF-8"?>
<!-- Generated by org.testng.reporters.JUnitReportReporter -->
<testsuite hostname="azstorageexp" name="com.mindtree.sdet.test.HomePageTest" tests="2" failures="0" timestamp="17 Feb 2020 04:58:37 GMT" time="20.089" errors="0">
  <testcase name="homePageTitleTest" time="9.479" classname="com.mindtree.sdet.test.HomePageTest"/>
  <testcase name="clickSignInTest" time="10.610" classname="com.mindtree.sdet.test.HomePageTest"/>
</testsuite> <!-- com.mindtree.sdet.test.HomePageTest -->
