<?xml version="1.0" encoding="UTF-8"?>
<!-- Generated by org.testng.reporters.JUnitReportReporter -->
<testsuite hostname="azstorageexp" name="com.mindtree.sdet.test.LandingPageTest" tests="2" failures="0" timestamp="23 Feb 2020 02:56:39 GMT" time="13.281" errors="0">
  <testcase name="clickAllFurnTest" time="5.922" classname="com.mindtree.sdet.test.LandingPageTest"/>
  <testcase name="loginTextTest" time="7.359" classname="com.mindtree.sdet.test.LandingPageTest"/>
</testsuite> <!-- com.mindtree.sdet.test.LandingPageTest -->
