<?xml version="1.0" encoding="UTF-8"?>
<!-- Generated by org.testng.reporters.JUnitReportReporter -->
<testsuite hostname="azstorageexp" name="com.mindtree.sdet.test.LoginPageTest" tests="1" failures="0" timestamp="23 Feb 2020 02:56:39 GMT" time="8.075" errors="0">
  <testcase name="registerUserTest" time="8.075" classname="com.mindtree.sdet.test.LoginPageTest"/>
</testsuite> <!-- com.mindtree.sdet.test.LoginPageTest -->
