<?xml version="1.0" encoding="UTF-8"?>
<!-- Generated by org.testng.reporters.JUnitReportReporter -->
<testsuite hostname="azstorageexp" name="com.mindtree.sdet.test.HomePageTest" tests="2" failures="0" timestamp="23 Feb 2020 02:56:39 GMT" time="20.603" errors="0">
  <testcase name="clickSignInTest" time="11.007" classname="com.mindtree.sdet.test.HomePageTest"/>
  <testcase name="homePageTitleTest" time="9.596" classname="com.mindtree.sdet.test.HomePageTest"/>
</testsuite> <!-- com.mindtree.sdet.test.HomePageTest -->
