<?xml version="1.0" encoding="UTF-8"?>
<!-- Generated by org.testng.reporters.JUnitReportReporter -->
<testsuite hostname="azstorageexp" name="com.mindtree.sdet.test.LoginPageTest" tests="1" failures="0" timestamp="18 Feb 2020 04:29:57 GMT" time="7.996" errors="0">
  <testcase name="registerUserTest" time="7.996" classname="com.mindtree.sdet.test.LoginPageTest"/>
</testsuite> <!-- com.mindtree.sdet.test.LoginPageTest -->
