<?xml version="1.0" encoding="UTF-8"?>
<!-- Generated by org.testng.reporters.JUnitReportReporter -->
<testsuite hostname="azstorageexp" name="com.mindtree.sdet.test.LandingPageTest" tests="2" failures="0" timestamp="18 Feb 2020 04:29:57 GMT" time="13.278" errors="0">
  <testcase name="clickAllFurnTest" time="6.271" classname="com.mindtree.sdet.test.LandingPageTest"/>
  <testcase name="loginTextTest" time="7.007" classname="com.mindtree.sdet.test.LandingPageTest"/>
</testsuite> <!-- com.mindtree.sdet.test.LandingPageTest -->
